[debug] [2023-08-26T06:45:42.717Z] ----------------------------------------------------------------------
[debug] [2023-08-26T06:45:42.719Z] Command:       /home/megha/.nvm/versions/node/v19.9.0/bin/node /home/megha/.nvm/versions/node/v19.9.0/bin/firebase init
[debug] [2023-08-26T06:45:42.720Z] CLI Version:   12.5.2
[debug] [2023-08-26T06:45:42.720Z] Platform:      linux
[debug] [2023-08-26T06:45:42.720Z] Node Version:  v19.9.0
[debug] [2023-08-26T06:45:42.720Z] Time:          Sat Aug 26 2023 12:15:42 GMT+0530 (India Standard Time)
[debug] [2023-08-26T06:45:42.720Z] ----------------------------------------------------------------------
[debug] 
[debug] [2023-08-26T06:45:42.786Z] > command requires scopes: ["email","openid","https://www.googleapis.com/auth/cloudplatformprojects.readonly","https://www.googleapis.com/auth/firebase","https://www.googleapis.com/auth/cloud-platform"]
[debug] [2023-08-26T06:45:42.787Z] > authorizing via signed-in user (1008meghaa@gmail.com)
[info] 
     ######## #### ########  ######## ########     ###     ######  ########
     ##        ##  ##     ## ##       ##     ##  ##   ##  ##       ##
     ######    ##  ########  ######   ########  #########  ######  ######
     ##        ##  ##    ##  ##       ##     ## ##     ##       ## ##
     ##       #### ##     ## ######## ########  ##     ##  ######  ########

You're about to initialize a Firebase project in this directory:

  /home/megha/personal/growthProject/shopping-cart-react-main

Before we get started, keep in mind:

  * You are initializing within an existing Firebase project directory

[info] 
=== Project Setup
[info] 
[info] First, let's associate this project directory with a Firebase project.
[info] You can create multiple project aliases by running firebase use --add, 
[info] but for now we'll just set up a default project.
[info] 
[debug] [2023-08-26T06:46:36.140Z] Using project from CLI flag: shopping-cart-6e637
[debug] [2023-08-26T06:46:36.145Z] >>> [apiv2][query] GET https://firebase.googleapis.com/v1beta1/projects/shopping-cart-6e637 [none]
[debug] [2023-08-26T06:46:37.580Z] <<< [apiv2][status] GET https://firebase.googleapis.com/v1beta1/projects/shopping-cart-6e637 403
[debug] [2023-08-26T06:46:37.580Z] <<< [apiv2][body] GET https://firebase.googleapis.com/v1beta1/projects/shopping-cart-6e637 {"error":{"code":403,"message":"The caller does not have permission","status":"PERMISSION_DENIED"}}
[debug] [2023-08-26T06:46:37.581Z] HTTP Error: 403, The caller does not have permission
[debug] [2023-08-26T06:46:37.784Z] FirebaseError: HTTP Error: 403, The caller does not have permission
    at responseToError (/home/megha/.nvm/versions/node/v19.9.0/lib/node_modules/firebase-tools/lib/responseToError.js:49:12)
    at RetryOperation._fn (/home/megha/.nvm/versions/node/v19.9.0/lib/node_modules/firebase-tools/lib/apiv2.js:285:77)
    at process.processTicksAndRejections (node:internal/process/task_queues:95:5)
[error] 
[error] Error: Failed to get Firebase project shopping-cart-6e637. Please make sure the project exists and your account has permission to access it.
[debug] [2023-08-26T06:46:53.054Z] ----------------------------------------------------------------------
[debug] [2023-08-26T06:46:53.056Z] Command:       /home/megha/.nvm/versions/node/v19.9.0/bin/node /home/megha/.nvm/versions/node/v19.9.0/bin/firebase init
[debug] [2023-08-26T06:46:53.057Z] CLI Version:   12.5.2
[debug] [2023-08-26T06:46:53.057Z] Platform:      linux
[debug] [2023-08-26T06:46:53.057Z] Node Version:  v19.9.0
[debug] [2023-08-26T06:46:53.058Z] Time:          Sat Aug 26 2023 12:16:53 GMT+0530 (India Standard Time)
[debug] [2023-08-26T06:46:53.058Z] ----------------------------------------------------------------------
[debug] 
[debug] [2023-08-26T06:46:53.113Z] > command requires scopes: ["email","openid","https://www.googleapis.com/auth/cloudplatformprojects.readonly","https://www.googleapis.com/auth/firebase","https://www.googleapis.com/auth/cloud-platform"]
[debug] [2023-08-26T06:46:53.113Z] > authorizing via signed-in user (1008meghaa@gmail.com)
[info] 
     ######## #### ########  ######## ########     ###     ######  ########
     ##        ##  ##     ## ##       ##     ##  ##   ##  ##       ##
     ######    ##  ########  ######   ########  #########  ######  ######
     ##        ##  ##    ##  ##       ##     ## ##     ##       ## ##
     ##       #### ##     ## ######## ########  ##     ##  ######  ########

You're about to initialize a Firebase project in this directory:

  /home/megha/personal/growthProject/shopping-cart-react-main

Before we get started, keep in mind:

  * You are initializing within an existing Firebase project directory

[info] 
=== Project Setup
[info] 
[info] First, let's associate this project directory with a Firebase project.
[info] You can create multiple project aliases by running firebase use --add, 
[info] but for now we'll just set up a default project.
[info] 
[debug] [2023-08-26T06:47:15.764Z] Using project from CLI flag: shopping-cart-6e637
[debug] [2023-08-26T06:47:15.767Z] >>> [apiv2][query] GET https://firebase.googleapis.com/v1beta1/projects/shopping-cart-6e637 [none]
[debug] [2023-08-26T06:47:18.196Z] <<< [apiv2][status] GET https://firebase.googleapis.com/v1beta1/projects/shopping-cart-6e637 403
[debug] [2023-08-26T06:47:18.196Z] <<< [apiv2][body] GET https://firebase.googleapis.com/v1beta1/projects/shopping-cart-6e637 {"error":{"code":403,"message":"The caller does not have permission","status":"PERMISSION_DENIED"}}
[debug] [2023-08-26T06:47:18.197Z] HTTP Error: 403, The caller does not have permission
[debug] [2023-08-26T06:47:18.387Z] FirebaseError: HTTP Error: 403, The caller does not have permission
    at responseToError (/home/megha/.nvm/versions/node/v19.9.0/lib/node_modules/firebase-tools/lib/responseToError.js:49:12)
    at RetryOperation._fn (/home/megha/.nvm/versions/node/v19.9.0/lib/node_modules/firebase-tools/lib/apiv2.js:285:77)
    at process.processTicksAndRejections (node:internal/process/task_queues:95:5)
[error] 
[error] Error: Failed to get Firebase project shopping-cart-6e637. Please make sure the project exists and your account has permission to access it.
